[0;32m[2025-05-16 19:21:28] Stopping lab...[0m
19:21:30 INFO Parsing & checking topology file=topology.clab.yaml
19:21:30 INFO Parsing & checking topology file=topology.clab.yaml
19:21:30 INFO Destroying lab name=learning
19:21:30 INFO Removed container name=clab-learning-pc1
19:21:30 INFO Removed container name=clab-learning-pc2
19:21:30 INFO Removed container name=clab-learning-vmx3
19:21:30 INFO Removed container name=clab-learning-vmx1
19:21:30 INFO Removed container name=clab-learning-vmx2
19:21:30 INFO Removing host entries path=/etc/hosts
19:21:30 INFO Removing SSH config path=/etc/ssh/ssh_config.d/clab-learning.conf
[0;32m[2025-05-16 19:21:28] Lab stopped successfully![0m
[0;32m[2025-05-16 19:44:09] Starting lab...[0m
19:44:10 INFO Containerlab started version=0.68.0
19:44:10 INFO Parsing & checking topology file=topology.clab.yaml
19:44:10 INFO Creating docker network name=clab IPv4 subnet=172.20.20.0/24 IPv6 subnet=3fff:172:20:20::/64 MTU=1500
19:44:10 INFO Creating lab directory path=/tank/vrnetlab/vmx/lab1/clab-learning
19:44:10 INFO unable to adjust Labdir file ACLs: operation not supported
19:44:10 WARN ssh: no key found
19:44:10 INFO Creating container name=pc2
19:44:10 INFO Creating container name=vmx3
19:44:10 INFO Creating container name=vmx1
19:44:10 INFO Creating container name=vmx2
19:44:10 INFO Creating container name=pc1
19:44:12 INFO Created link: vmx2:eth3 (ge-0/0/2) ▪┄┄▪ vmx3:eth3 (ge-0/0/2)
19:44:12 INFO Created link: vmx3:eth4 (ge-0/0/3) ▪┄┄▪ pc2:eth1
19:44:12 INFO Created link: pc1:eth1 ▪┄┄▪ vmx1:eth1 (ge-0/0/0)
19:44:12 INFO Created link: vmx1:eth2 (ge-0/0/1) ▪┄┄▪ vmx2:eth2 (ge-0/0/1)
19:44:12 INFO Adding host entries path=/etc/hosts
19:44:12 INFO Adding SSH config for nodes path=/etc/ssh/ssh_config.d/clab-learning.conf
[1m╭[0m[1m────────────────────[0m[1m┬[0m[1m──────────────────────────────────[0m[1m┬[0m[1m────────────────────[0m[1m┬[0m[1m───────────────────[0m[1m╮[0m
[1m│[0m[1m        Name        [0m[1m│[0m[1m            Kind/Image            [0m[1m│[0m[1m        State       [0m[1m│[0m[1m   IPv4/6 Address  [0m[1m│[0m
[1m├[0m[1m────────────────────[0m[1m┼[0m[1m──────────────────────────────────[0m[1m┼[0m[1m────────────────────[0m[1m┼[0m[1m───────────────────[0m[1m┤[0m
│ clab-learning-pc1  │ linux                            │ running            │ 172.20.20.3       │
│                    │ nicolaka/netshoot                │                    │ 3fff:172:20:20::3 │
├────────────────────┼──────────────────────────────────┼────────────────────┼───────────────────┤
│ clab-learning-pc2  │ linux                            │ running            │ 172.20.20.5       │
│                    │ nicolaka/netshoot                │                    │ 3fff:172:20:20::5 │
├────────────────────┼──────────────────────────────────┼────────────────────┼───────────────────┤
│ clab-learning-vmx1 │ juniper_vmx                      │ running            │ 172.20.20.6       │
│                    │ vrnetlab/juniper_vmx:22.2R3-S1.9 │ (health: starting) │ 3fff:172:20:20::6 │
├────────────────────┼──────────────────────────────────┼────────────────────┼───────────────────┤
│ clab-learning-vmx2 │ juniper_vmx                      │ running            │ 172.20.20.2       │
│                    │ vrnetlab/juniper_vmx:22.2R3-S1.9 │ (health: starting) │ 3fff:172:20:20::2 │
├────────────────────┼──────────────────────────────────┼────────────────────┼───────────────────┤
│ clab-learning-vmx3 │ juniper_vmx                      │ running            │ 172.20.20.4       │
│                    │ vrnetlab/juniper_vmx:22.2R3-S1.9 │ (health: starting) │ 3fff:172:20:20::4 │
╰────────────────────┴──────────────────────────────────┴────────────────────┴───────────────────╯
[0;32m[2025-05-16 19:44:09] Lab started successfully![0m
[0;32m[2025-05-16 19:46:43] Stopping lab...[0m
19:46:45 INFO Parsing & checking topology file=topology.clab.yaml
19:46:45 INFO Parsing & checking topology file=topology.clab.yaml
19:46:45 INFO Destroying lab name=learning
19:46:45 INFO Removed container name=clab-learning-pc1
19:46:45 INFO Removed container name=clab-learning-pc2
19:46:45 INFO Removed container name=clab-learning-vmx2
19:46:45 INFO Removed container name=clab-learning-vmx1
19:46:45 INFO Removed container name=clab-learning-vmx3
19:46:45 INFO Removing host entries path=/etc/hosts
19:46:45 INFO Removing SSH config path=/etc/ssh/ssh_config.d/clab-learning.conf
[0;32m[2025-05-16 19:46:43] Lab stopped successfully![0m
[0;32m[2025-05-18 09:50:26] Starting lab...[0m
09:50:27 INFO Containerlab started version=0.68.0
09:50:27 INFO Parsing & checking topology file=topology.clab.yaml
09:50:27 INFO Creating docker network name=clab IPv4 subnet=172.20.20.0/24 IPv6 subnet=3fff:172:20:20::/64 MTU=1500
Error: duplicate endpoint vmx5:eth4 (ge-0/0/3)
duplicate endpoint vmx5:eth4 (ge-0/0/3)
[0;32m[2025-05-18 09:50:26] Lab started successfully![0m
[0;32m[2025-05-18 09:51:24] Starting lab...[0m
09:51:26 INFO Containerlab started version=0.68.0
09:51:26 INFO Parsing & checking topology file=topology.clab.yaml
Error: duplicate endpoint vmx5:eth4 (ge-0/0/3)
duplicate endpoint vmx5:eth4 (ge-0/0/3)
[0;32m[2025-05-18 09:51:24] Lab started successfully![0m
[0;32m[2025-05-18 09:51:33] Starting lab...[0m
09:51:34 INFO Containerlab started version=0.68.0
09:51:34 INFO Parsing & checking topology file=topology.clab.yaml
Error: duplicate endpoint vmx5:eth4 (ge-0/0/3)
duplicate endpoint vmx5:eth4 (ge-0/0/3)
[0;32m[2025-05-18 09:51:33] Lab started successfully![0m
[0;32m[2025-05-18 09:52:03] Stopping lab...[0m
09:52:04 INFO Parsing & checking topology file=topology.clab.yaml
09:52:04 INFO no containerlab containers found
[0;32m[2025-05-18 09:52:03] Lab stopped successfully![0m
[0;32m[2025-05-18 09:52:41] Starting lab...[0m
09:52:42 INFO Containerlab started version=0.68.0
09:52:42 INFO Parsing & checking topology file=topology.clab.yaml
Error: duplicate endpoint vmx5:eth4 (ge-0/0/3)
duplicate endpoint vmx5:eth4 (ge-0/0/3)
[0;32m[2025-05-18 09:52:41] Lab started successfully![0m
[0;32m[2025-05-18 09:55:37] Starting lab...[0m
09:55:38 INFO Containerlab started version=0.68.0
09:55:38 INFO Parsing & checking topology file=topology.clab.yaml
09:55:38 INFO Creating lab directory path=/tank/vrnetlab/vmx/lab2/clab-learning
09:55:38 INFO unable to adjust Labdir file ACLs: operation not supported
09:55:38 WARN ssh: no key found
09:55:38 INFO Creating container name=pc1
09:55:38 INFO Creating container name=pc2
09:55:38 INFO Creating container name=vmx1
09:55:38 INFO Creating container name=vmx4
09:55:38 INFO Creating container name=vmx3
09:55:38 INFO Creating container name=vmx2
09:55:38 INFO Creating container name=vmx5
09:55:39 INFO Created link: vmx4:eth4 (ge-0/0/3) ▪┄┄▪ vmx5:eth4 (ge-0/0/3)
09:55:39 INFO Created link: pc1:eth1 ▪┄┄▪ vmx1:eth1 (ge-0/0/0)
09:55:39 INFO Created link: vmx1:eth2 (ge-0/0/1) ▪┄┄▪ vmx2:eth2 (ge-0/0/1)
09:55:39 INFO Created link: vmx2:eth3 (ge-0/0/2) ▪┄┄▪ vmx3:eth3 (ge-0/0/2)
09:55:39 INFO Created link: vmx5:eth3 (ge-0/0/2) ▪┄┄▪ vmx1:eth4 (ge-0/0/3)
09:55:39 INFO Created link: vmx3:eth4 (ge-0/0/3) ▪┄┄▪ pc2:eth1
09:55:39 INFO Created link: vmx3:eth2 (ge-0/0/1) ▪┄┄▪ vmx4:eth2 (ge-0/0/1)
09:55:39 INFO Adding host entries path=/etc/hosts
09:55:39 INFO Adding SSH config for nodes path=/etc/ssh/ssh_config.d/clab-learning.conf
[1m╭[0m[1m────────────────────[0m[1m┬[0m[1m──────────────────────────────────[0m[1m┬[0m[1m────────────────────[0m[1m┬[0m[1m───────────────────[0m[1m╮[0m
[1m│[0m[1m        Name        [0m[1m│[0m[1m            Kind/Image            [0m[1m│[0m[1m        State       [0m[1m│[0m[1m   IPv4/6 Address  [0m[1m│[0m
[1m├[0m[1m────────────────────[0m[1m┼[0m[1m──────────────────────────────────[0m[1m┼[0m[1m────────────────────[0m[1m┼[0m[1m───────────────────[0m[1m┤[0m
│ clab-learning-pc1  │ linux                            │ running            │ 172.20.20.5       │
│                    │ nicolaka/netshoot                │                    │ 3fff:172:20:20::5 │
├────────────────────┼──────────────────────────────────┼────────────────────┼───────────────────┤
│ clab-learning-pc2  │ linux                            │ running            │ 172.20.20.3       │
│                    │ nicolaka/netshoot                │                    │ 3fff:172:20:20::3 │
├────────────────────┼──────────────────────────────────┼────────────────────┼───────────────────┤
│ clab-learning-vmx1 │ juniper_vmx                      │ running            │ 172.20.20.7       │
│                    │ vrnetlab/juniper_vmx:22.2R3-S1.9 │ (health: starting) │ 3fff:172:20:20::7 │
├────────────────────┼──────────────────────────────────┼────────────────────┼───────────────────┤
│ clab-learning-vmx2 │ juniper_vmx                      │ running            │ 172.20.20.6       │
│                    │ vrnetlab/juniper_vmx:22.2R3-S1.9 │ (health: starting) │ 3fff:172:20:20::6 │
├────────────────────┼──────────────────────────────────┼────────────────────┼───────────────────┤
│ clab-learning-vmx3 │ juniper_vmx                      │ running            │ 172.20.20.8       │
│                    │ vrnetlab/juniper_vmx:22.2R3-S1.9 │ (health: starting) │ 3fff:172:20:20::8 │
├────────────────────┼──────────────────────────────────┼────────────────────┼───────────────────┤
│ clab-learning-vmx4 │ juniper_vmx                      │ running            │ 172.20.20.2       │
│                    │ vrnetlab/juniper_vmx:22.2R3-S1.9 │ (health: starting) │ 3fff:172:20:20::2 │
├────────────────────┼──────────────────────────────────┼────────────────────┼───────────────────┤
│ clab-learning-vmx5 │ juniper_vmx                      │ running            │ 172.20.20.4       │
│                    │ vrnetlab/juniper_vmx:22.2R3-S1.9 │ (health: starting) │ 3fff:172:20:20::4 │
╰────────────────────┴──────────────────────────────────┴────────────────────┴───────────────────╯
[0;32m[2025-05-18 09:55:37] Lab started successfully![0m
[0;32m[2025-05-18 10:05:34] Stopping lab...[0m
10:05:36 INFO Parsing & checking topology file=topology.clab.yaml
10:05:36 INFO Parsing & checking topology file=topology.clab.yaml
10:05:36 INFO Destroying lab name=learning
10:05:36 INFO Removed container name=clab-learning-pc1
10:05:36 INFO Removed container name=clab-learning-pc2
10:05:36 INFO Removed container name=clab-learning-vmx5
10:05:36 INFO Removed container name=clab-learning-vmx2
10:05:36 INFO Removed container name=clab-learning-vmx4
10:05:36 INFO Removed container name=clab-learning-vmx3
10:05:36 INFO Removed container name=clab-learning-vmx1
10:05:36 INFO Removing host entries path=/etc/hosts
10:05:36 INFO Removing SSH config path=/etc/ssh/ssh_config.d/clab-learning.conf
[0;32m[2025-05-18 10:05:34] Lab stopped successfully![0m
[0;32m[2025-05-18 10:05:34] Starting lab...[0m
10:05:41 INFO Containerlab started version=0.68.0
10:05:41 INFO Parsing & checking topology file=topology.clab.yaml
10:05:41 INFO Creating docker network name=clab IPv4 subnet=172.20.20.0/24 IPv6 subnet=3fff:172:20:20::/64 MTU=1500
10:05:41 INFO Creating lab directory path=/tank/vrnetlab/vmx/lab2/clab-learning
10:05:41 INFO unable to adjust Labdir file ACLs: operation not supported
10:05:41 WARN ssh: no key found
10:05:41 INFO Creating container name=pc2
10:05:41 INFO Creating container name=vmx5
10:05:41 INFO Creating container name=pc1
10:05:41 INFO Creating container name=vmx1
10:05:41 INFO Creating container name=vmx3
10:05:41 INFO Creating container name=vmx4
10:05:41 INFO Creating container name=vmx2
10:05:41 INFO Created link: pc1:eth1 ▪┄┄▪ vmx1:eth1 (ge-0/0/0)
10:05:41 INFO Created link: vmx3:eth4 (ge-0/0/3) ▪┄┄▪ pc2:eth1
10:05:41 INFO Created link: vmx5:eth3 (ge-0/0/2) ▪┄┄▪ vmx1:eth4 (ge-0/0/3)
10:05:41 INFO Created link: vmx1:eth2 (ge-0/0/1) ▪┄┄▪ vmx2:eth2 (ge-0/0/1)
10:05:41 INFO Created link: vmx2:eth3 (ge-0/0/2) ▪┄┄▪ vmx3:eth3 (ge-0/0/2)
10:05:42 INFO Created link: vmx3:eth2 (ge-0/0/1) ▪┄┄▪ vmx4:eth2 (ge-0/0/1)
10:05:42 INFO Created link: vmx4:eth4 (ge-0/0/3) ▪┄┄▪ vmx5:eth4 (ge-0/0/3)
10:05:42 INFO Adding host entries path=/etc/hosts
10:05:42 INFO Adding SSH config for nodes path=/etc/ssh/ssh_config.d/clab-learning.conf
[1m╭[0m[1m────────────────────[0m[1m┬[0m[1m──────────────────────────────────[0m[1m┬[0m[1m────────────────────[0m[1m┬[0m[1m───────────────────[0m[1m╮[0m
[1m│[0m[1m        Name        [0m[1m│[0m[1m            Kind/Image            [0m[1m│[0m[1m        State       [0m[1m│[0m[1m   IPv4/6 Address  [0m[1m│[0m
[1m├[0m[1m────────────────────[0m[1m┼[0m[1m──────────────────────────────────[0m[1m┼[0m[1m────────────────────[0m[1m┼[0m[1m───────────────────[0m[1m┤[0m
│ clab-learning-pc1  │ linux                            │ running            │ 172.20.20.2       │
│                    │ nicolaka/netshoot                │                    │ 3fff:172:20:20::2 │
├────────────────────┼──────────────────────────────────┼────────────────────┼───────────────────┤
│ clab-learning-pc2  │ linux                            │ running            │ 172.20.20.6       │
│                    │ nicolaka/netshoot                │                    │ 3fff:172:20:20::6 │
├────────────────────┼──────────────────────────────────┼────────────────────┼───────────────────┤
│ clab-learning-vmx1 │ juniper_vmx                      │ running            │ 172.20.20.5       │
│                    │ vrnetlab/juniper_vmx:22.2R3-S1.9 │ (health: starting) │ 3fff:172:20:20::5 │
├────────────────────┼──────────────────────────────────┼────────────────────┼───────────────────┤
│ clab-learning-vmx2 │ juniper_vmx                      │ running            │ 172.20.20.7       │
│                    │ vrnetlab/juniper_vmx:22.2R3-S1.9 │ (health: starting) │ 3fff:172:20:20::7 │
├────────────────────┼──────────────────────────────────┼────────────────────┼───────────────────┤
│ clab-learning-vmx3 │ juniper_vmx                      │ running            │ 172.20.20.4       │
│                    │ vrnetlab/juniper_vmx:22.2R3-S1.9 │ (health: starting) │ 3fff:172:20:20::4 │
├────────────────────┼──────────────────────────────────┼────────────────────┼───────────────────┤
│ clab-learning-vmx4 │ juniper_vmx                      │ running            │ 172.20.20.8       │
│                    │ vrnetlab/juniper_vmx:22.2R3-S1.9 │ (health: starting) │ 3fff:172:20:20::8 │
├────────────────────┼──────────────────────────────────┼────────────────────┼───────────────────┤
│ clab-learning-vmx5 │ juniper_vmx                      │ running            │ 172.20.20.3       │
│                    │ vrnetlab/juniper_vmx:22.2R3-S1.9 │ (health: starting) │ 3fff:172:20:20::3 │
╰────────────────────┴──────────────────────────────────┴────────────────────┴───────────────────╯
[0;32m[2025-05-18 10:05:34] Lab started successfully![0m
[0;32m[2025-05-18 10:46:27] Stopping lab...[0m
10:46:29 INFO Parsing & checking topology file=topology.clab.yaml
10:46:29 INFO Parsing & checking topology file=topology.clab.yaml
10:46:29 INFO Destroying lab name=learning
10:46:29 INFO Removed container name=clab-learning-pc2
10:46:29 INFO Removed container name=clab-learning-pc1
10:46:29 INFO Removed container name=clab-learning-vmx4
10:46:29 INFO Removed container name=clab-learning-vmx3
10:46:29 INFO Removed container name=clab-learning-vmx5
10:46:29 INFO Removed container name=clab-learning-vmx2
10:46:29 INFO Removed container name=clab-learning-vmx1
10:46:29 INFO Removing host entries path=/etc/hosts
10:46:29 INFO Removing SSH config path=/etc/ssh/ssh_config.d/clab-learning.conf
[0;32m[2025-05-18 10:46:27] Lab stopped successfully![0m
[0;32m[2025-05-18 10:47:52] Starting lab...[0m
10:47:53 INFO Containerlab started version=0.68.0
10:47:53 INFO Parsing & checking topology file=topology.clab.yaml
10:47:53 INFO Creating docker network name=clab IPv4 subnet=172.20.20.0/24 IPv6 subnet=3fff:172:20:20::/64 MTU=1500
10:47:53 INFO Creating lab directory path=/tank/vrnetlab/vmx/lab2/clab-learning
10:47:53 INFO unable to adjust Labdir file ACLs: operation not supported
10:47:53 WARN ssh: no key found
10:47:53 INFO Creating container name=vmx1
10:47:53 INFO Creating container name=pc1
10:47:53 INFO Creating container name=vmx2
10:47:53 INFO Creating container name=vmx4
10:47:53 INFO Creating container name=pc2
10:47:53 INFO Creating container name=vmx5
10:47:53 INFO Creating container name=vmx3
10:47:54 INFO Created link: pc1:eth1 ▪┄┄▪ vmx1:eth1 (ge-0/0/0)
10:47:54 INFO Created link: vmx3:eth4 (ge-0/0/3) ▪┄┄▪ pc2:eth1
10:47:54 INFO Created link: vmx1:eth2 (ge-0/0/1) ▪┄┄▪ vmx2:eth2 (ge-0/0/1)
10:47:54 INFO Created link: vmx5:eth3 (ge-0/0/2) ▪┄┄▪ vmx1:eth4 (ge-0/0/3)
10:47:54 INFO Created link: vmx3:eth2 (ge-0/0/1) ▪┄┄▪ vmx4:eth2 (ge-0/0/1)
10:47:54 INFO Created link: vmx4:eth4 (ge-0/0/3) ▪┄┄▪ vmx5:eth4 (ge-0/0/3)
10:47:54 INFO Created link: vmx2:eth3 (ge-0/0/2) ▪┄┄▪ vmx3:eth3 (ge-0/0/2)
10:47:54 INFO Adding host entries path=/etc/hosts
10:47:54 INFO Adding SSH config for nodes path=/etc/ssh/ssh_config.d/clab-learning.conf
[1m╭[0m[1m────────────────────[0m[1m┬[0m[1m──────────────────────────────────[0m[1m┬[0m[1m────────────────────[0m[1m┬[0m[1m───────────────────[0m[1m╮[0m
[1m│[0m[1m        Name        [0m[1m│[0m[1m            Kind/Image            [0m[1m│[0m[1m        State       [0m[1m│[0m[1m   IPv4/6 Address  [0m[1m│[0m
[1m├[0m[1m────────────────────[0m[1m┼[0m[1m──────────────────────────────────[0m[1m┼[0m[1m────────────────────[0m[1m┼[0m[1m───────────────────[0m[1m┤[0m
│ clab-learning-pc1  │ linux                            │ running            │ 172.20.20.4       │
│                    │ nicolaka/netshoot                │                    │ 3fff:172:20:20::4 │
├────────────────────┼──────────────────────────────────┼────────────────────┼───────────────────┤
│ clab-learning-pc2  │ linux                            │ running            │ 172.20.20.3       │
│                    │ nicolaka/netshoot                │                    │ 3fff:172:20:20::3 │
├────────────────────┼──────────────────────────────────┼────────────────────┼───────────────────┤
│ clab-learning-vmx1 │ juniper_vmx                      │ running            │ 172.20.20.6       │
│                    │ vrnetlab/juniper_vmx:22.2R3-S1.9 │ (health: starting) │ 3fff:172:20:20::6 │
├────────────────────┼──────────────────────────────────┼────────────────────┼───────────────────┤
│ clab-learning-vmx2 │ juniper_vmx                      │ running            │ 172.20.20.8       │
│                    │ vrnetlab/juniper_vmx:22.2R3-S1.9 │ (health: starting) │ 3fff:172:20:20::8 │
├────────────────────┼──────────────────────────────────┼────────────────────┼───────────────────┤
│ clab-learning-vmx3 │ juniper_vmx                      │ running            │ 172.20.20.5       │
│                    │ vrnetlab/juniper_vmx:22.2R3-S1.9 │ (health: starting) │ 3fff:172:20:20::5 │
├────────────────────┼──────────────────────────────────┼────────────────────┼───────────────────┤
│ clab-learning-vmx4 │ juniper_vmx                      │ running            │ 172.20.20.7       │
│                    │ vrnetlab/juniper_vmx:22.2R3-S1.9 │ (health: starting) │ 3fff:172:20:20::7 │
├────────────────────┼──────────────────────────────────┼────────────────────┼───────────────────┤
│ clab-learning-vmx5 │ juniper_vmx                      │ running            │ 172.20.20.2       │
│                    │ vrnetlab/juniper_vmx:22.2R3-S1.9 │ (health: starting) │ 3fff:172:20:20::2 │
╰────────────────────┴──────────────────────────────────┴────────────────────┴───────────────────╯
[0;32m[2025-05-18 10:47:52] Lab started successfully![0m
[0;32m[2025-05-18 10:50:05] Stopping lab...[0m
10:50:07 INFO Parsing & checking topology file=topology.clab.yaml
10:50:07 INFO Parsing & checking topology file=topology.clab.yaml
10:50:07 INFO Destroying lab name=learning
10:50:07 INFO Removed container name=clab-learning-pc1
10:50:07 INFO Removed container name=clab-learning-pc2
10:50:07 INFO Removed container name=clab-learning-vmx2
10:50:07 INFO Removed container name=clab-learning-vmx4
10:50:07 INFO Removed container name=clab-learning-vmx5
10:50:07 INFO Removed container name=clab-learning-vmx3
10:50:07 INFO Removed container name=clab-learning-vmx1
10:50:07 INFO Removing host entries path=/etc/hosts
10:50:07 INFO Removing SSH config path=/etc/ssh/ssh_config.d/clab-learning.conf
[0;32m[2025-05-18 10:50:05] Lab stopped successfully![0m
[0;32m[2025-05-18 11:25:12] Starting lab...[0m
11:25:13 INFO Containerlab started version=0.68.0
11:25:13 INFO Parsing & checking topology file=topology.clab.yaml
11:25:13 INFO Creating docker network name=clab IPv4 subnet=172.20.20.0/24 IPv6 subnet=3fff:172:20:20::/64 MTU=1500
11:25:13 INFO Creating lab directory path=/tank/vrnetlab/vmx/lab3/clab-learning
11:25:13 INFO unable to adjust Labdir file ACLs: operation not supported
11:25:13 WARN ssh: no key found
11:25:13 INFO Creating container name=pc4
11:25:13 INFO Creating container name=pc5
11:25:13 INFO Creating container name=pc2
11:25:13 INFO Creating container name=vmx1
11:25:13 INFO Creating container name=pc1
11:25:13 INFO Creating container name=pc3
11:25:13 INFO Creating container name=pc6
11:25:13 INFO Creating container name=sw01
11:25:14 INFO Created link: pc2:eth1 ▪┄┄▪ sw01:eth3 (ge-0/0/2)
11:25:14 INFO Created link: pc1:eth1 ▪┄┄▪ sw01:eth2 (ge-0/0/1)
11:25:14 INFO Created link: pc3:eth1 ▪┄┄▪ sw01:eth4 (ge-0/0/3)
11:25:14 INFO Created link: pc5:eth1 ▪┄┄▪ sw01:eth6 (ge-0/0/5)
11:25:14 INFO Created link: pc6:eth1 ▪┄┄▪ sw01:eth7 (ge-0/0/6)
11:25:14 INFO Created link: pc4:eth1 ▪┄┄▪ sw01:eth5 (ge-0/0/4)
11:25:14 INFO Created link: vmx1:eth1 (ge-0/0/0) ▪┄┄▪ sw01:eth1 (ge-0/0/0)
11:25:14 INFO Adding host entries path=/etc/hosts
11:25:14 INFO Adding SSH config for nodes path=/etc/ssh/ssh_config.d/clab-learning.conf
[1m╭[0m[1m────────────────────[0m[1m┬[0m[1m─────────────────────────────────────────[0m[1m┬[0m[1m────────────────────[0m[1m┬[0m[1m───────────────────[0m[1m╮[0m
[1m│[0m[1m        Name        [0m[1m│[0m[1m                Kind/Image               [0m[1m│[0m[1m        State       [0m[1m│[0m[1m   IPv4/6 Address  [0m[1m│[0m
[1m├[0m[1m────────────────────[0m[1m┼[0m[1m─────────────────────────────────────────[0m[1m┼[0m[1m────────────────────[0m[1m┼[0m[1m───────────────────[0m[1m┤[0m
│ clab-learning-pc1  │ linux                                   │ running            │ 172.20.20.7       │
│                    │ nicolaka/netshoot                       │                    │ 3fff:172:20:20::7 │
├────────────────────┼─────────────────────────────────────────┼────────────────────┼───────────────────┤
│ clab-learning-pc2  │ linux                                   │ running            │ 172.20.20.3       │
│                    │ nicolaka/netshoot                       │                    │ 3fff:172:20:20::3 │
├────────────────────┼─────────────────────────────────────────┼────────────────────┼───────────────────┤
│ clab-learning-pc3  │ linux                                   │ running            │ 172.20.20.6       │
│                    │ nicolaka/netshoot                       │                    │ 3fff:172:20:20::6 │
├────────────────────┼─────────────────────────────────────────┼────────────────────┼───────────────────┤
│ clab-learning-pc4  │ linux                                   │ running            │ 172.20.20.8       │
│                    │ nicolaka/netshoot                       │                    │ 3fff:172:20:20::8 │
├────────────────────┼─────────────────────────────────────────┼────────────────────┼───────────────────┤
│ clab-learning-pc5  │ linux                                   │ running            │ 172.20.20.2       │
│                    │ nicolaka/netshoot                       │                    │ 3fff:172:20:20::2 │
├────────────────────┼─────────────────────────────────────────┼────────────────────┼───────────────────┤
│ clab-learning-pc6  │ linux                                   │ running            │ 172.20.20.4       │
│                    │ nicolaka/netshoot                       │                    │ 3fff:172:20:20::4 │
├────────────────────┼─────────────────────────────────────────┼────────────────────┼───────────────────┤
│ clab-learning-sw01 │ juniper_vmx                             │ running            │ 172.20.20.5       │
│                    │ vrnetlab/juniper_vjunos-switch:24.4R1.9 │ (health: starting) │ 3fff:172:20:20::5 │
├────────────────────┼─────────────────────────────────────────┼────────────────────┼───────────────────┤
│ clab-learning-vmx1 │ juniper_vmx                             │ running            │ 172.20.20.9       │
│                    │ vrnetlab/juniper_vmx:22.2R3-S1.9        │ (health: starting) │ 3fff:172:20:20::9 │
╰────────────────────┴─────────────────────────────────────────┴────────────────────┴───────────────────╯
[0;32m[2025-05-18 11:25:12] Lab started successfully![0m
[0;32m[2025-05-18 13:06:20] Stopping lab...[0m
13:06:22 INFO Parsing & checking topology file=topology.clab.yaml
13:06:22 INFO Parsing & checking topology file=topology.clab.yaml
13:06:22 INFO Destroying lab name=learning
13:06:22 INFO Removed container name=clab-learning-pc1
13:06:22 INFO Removed container name=clab-learning-pc4
13:06:22 INFO Removed container name=clab-learning-pc5
13:06:22 INFO Removed container name=clab-learning-pc2
13:06:22 INFO Removed container name=clab-learning-pc3
13:06:22 INFO Removed container name=clab-learning-pc6
13:06:22 INFO Removed container name=clab-learning-sw01
13:06:22 INFO Removed container name=clab-learning-vmx1
13:06:22 INFO Removing host entries path=/etc/hosts
13:06:22 INFO Removing SSH config path=/etc/ssh/ssh_config.d/clab-learning.conf
[0;32m[2025-05-18 13:06:20] Lab stopped successfully![0m
[0;32m[2025-05-18 13:06:20] Starting lab...[0m
13:06:24 INFO Containerlab started version=0.68.0
13:06:24 INFO Parsing & checking topology file=topology.clab.yaml
13:06:24 INFO Creating docker network name=clab IPv4 subnet=172.20.20.0/24 IPv6 subnet=3fff:172:20:20::/64 MTU=1500
13:06:24 INFO Creating lab directory path=/tank/vrnetlab/vmx/lab3/clab-learning
13:06:24 INFO unable to adjust Labdir file ACLs: operation not supported
13:06:24 WARN ssh: no key found
13:06:24 INFO Creating container name=pc1
13:06:24 INFO Creating container name=pc6
13:06:24 INFO Creating container name=pc2
13:06:24 INFO Creating container name=vmx1
13:06:24 INFO Creating container name=pc5
13:06:24 INFO Creating container name=pc4
13:06:24 INFO Creating container name=sw01
13:06:24 INFO Creating container name=pc3
13:06:25 INFO Created link: pc3:eth1 ▪┄┄▪ sw01:eth4 (ge-0/0/3)
13:06:25 INFO Created link: pc4:eth1 ▪┄┄▪ sw01:eth5 (ge-0/0/4)
13:06:25 INFO Created link: pc2:eth1 ▪┄┄▪ sw01:eth3 (ge-0/0/2)
13:06:25 INFO Created link: pc6:eth1 ▪┄┄▪ sw01:eth7 (ge-0/0/6)
13:06:25 INFO Created link: pc5:eth1 ▪┄┄▪ sw01:eth6 (ge-0/0/5)
13:06:25 INFO Created link: pc1:eth1 ▪┄┄▪ sw01:eth2 (ge-0/0/1)
13:06:25 INFO Created link: vmx1:eth1 (ge-0/0/0) ▪┄┄▪ sw01:eth1 (ge-0/0/0)
13:06:25 INFO Adding host entries path=/etc/hosts
13:06:25 INFO Adding SSH config for nodes path=/etc/ssh/ssh_config.d/clab-learning.conf
[1m╭[0m[1m────────────────────[0m[1m┬[0m[1m─────────────────────────────────────────[0m[1m┬[0m[1m────────────────────[0m[1m┬[0m[1m───────────────────[0m[1m╮[0m
[1m│[0m[1m        Name        [0m[1m│[0m[1m                Kind/Image               [0m[1m│[0m[1m        State       [0m[1m│[0m[1m   IPv4/6 Address  [0m[1m│[0m
[1m├[0m[1m────────────────────[0m[1m┼[0m[1m─────────────────────────────────────────[0m[1m┼[0m[1m────────────────────[0m[1m┼[0m[1m───────────────────[0m[1m┤[0m
│ clab-learning-pc1  │ linux                                   │ running            │ 172.20.20.8       │
│                    │ nicolaka/netshoot                       │                    │ 3fff:172:20:20::8 │
├────────────────────┼─────────────────────────────────────────┼────────────────────┼───────────────────┤
│ clab-learning-pc2  │ linux                                   │ running            │ 172.20.20.6       │
│                    │ nicolaka/netshoot                       │                    │ 3fff:172:20:20::6 │
├────────────────────┼─────────────────────────────────────────┼────────────────────┼───────────────────┤
│ clab-learning-pc3  │ linux                                   │ running            │ 172.20.20.2       │
│                    │ nicolaka/netshoot                       │                    │ 3fff:172:20:20::2 │
├────────────────────┼─────────────────────────────────────────┼────────────────────┼───────────────────┤
│ clab-learning-pc4  │ linux                                   │ running            │ 172.20.20.4       │
│                    │ nicolaka/netshoot                       │                    │ 3fff:172:20:20::4 │
├────────────────────┼─────────────────────────────────────────┼────────────────────┼───────────────────┤
│ clab-learning-pc5  │ linux                                   │ running            │ 172.20.20.7       │
│                    │ nicolaka/netshoot                       │                    │ 3fff:172:20:20::7 │
├────────────────────┼─────────────────────────────────────────┼────────────────────┼───────────────────┤
│ clab-learning-pc6  │ linux                                   │ running            │ 172.20.20.5       │
│                    │ nicolaka/netshoot                       │                    │ 3fff:172:20:20::5 │
├────────────────────┼─────────────────────────────────────────┼────────────────────┼───────────────────┤
│ clab-learning-sw01 │ juniper_vmx                             │ running            │ 172.20.20.3       │
│                    │ vrnetlab/juniper_vjunos-switch:24.4R1.9 │ (health: starting) │ 3fff:172:20:20::3 │
├────────────────────┼─────────────────────────────────────────┼────────────────────┼───────────────────┤
│ clab-learning-vmx1 │ juniper_vmx                             │ running            │ 172.20.20.9       │
│                    │ vrnetlab/juniper_vmx:22.2R3-S1.9        │ (health: starting) │ 3fff:172:20:20::9 │
╰────────────────────┴─────────────────────────────────────────┴────────────────────┴───────────────────╯
[0;32m[2025-05-18 13:06:20] Lab started successfully![0m
[0;32m[2025-05-18 14:06:01] Stopping lab...[0m
14:06:03 INFO Parsing & checking topology file=topology.clab.yaml
14:06:03 INFO Parsing & checking topology file=topology.clab.yaml
14:06:03 INFO Destroying lab name=learning
14:06:03 INFO Removed container name=clab-learning-pc1
14:06:03 INFO Removed container name=clab-learning-pc4
14:06:04 INFO Removed container name=clab-learning-pc3
14:06:04 INFO Removed container name=clab-learning-pc2
14:06:04 INFO Removed container name=clab-learning-pc5
14:06:04 INFO Removed container name=clab-learning-pc6
14:06:04 INFO Removed container name=clab-learning-vmx1
14:06:04 INFO Removed container name=clab-learning-sw01
14:06:04 INFO Removing host entries path=/etc/hosts
14:06:04 INFO Removing SSH config path=/etc/ssh/ssh_config.d/clab-learning.conf
[0;32m[2025-05-18 14:06:01] Lab stopped successfully![0m
[0;32m[2025-05-18 14:21:46] Starting lab...[0m
14:21:47 INFO Containerlab started version=0.68.0
14:21:47 INFO Parsing & checking topology file=topology.clab.yaml
14:21:47 INFO Creating docker network name=clab IPv4 subnet=172.20.20.0/24 IPv6 subnet=3fff:172:20:20::/64 MTU=1500
14:21:47 INFO Creating lab directory path=/tank/vrnetlab/vmx/lab3/clab-learning
14:21:47 INFO unable to adjust Labdir file ACLs: operation not supported
14:21:47 WARN ssh: no key found
14:21:47 INFO Creating container name=pc6
14:21:47 INFO Creating container name=pc2
14:21:47 INFO Creating container name=pc3
14:21:47 INFO Creating container name=pc4
14:21:47 INFO Creating container name=pc5
14:21:47 INFO Creating container name=sw01
14:21:47 INFO Creating container name=pc1
14:21:47 INFO Creating container name=vmx1
14:21:48 INFO Created link: pc1:eth1 ▪┄┄▪ sw01:eth2 (ge-0/0/1)
14:21:48 INFO Created link: pc2:eth1 ▪┄┄▪ sw01:eth3 (ge-0/0/2)
14:21:48 INFO Created link: pc3:eth1 ▪┄┄▪ sw01:eth4 (ge-0/0/3)
14:21:48 INFO Created link: pc4:eth1 ▪┄┄▪ sw01:eth5 (ge-0/0/4)
14:21:48 INFO Created link: pc5:eth1 ▪┄┄▪ sw01:eth6 (ge-0/0/5)
14:21:48 INFO Created link: pc6:eth1 ▪┄┄▪ sw01:eth7 (ge-0/0/6)
14:21:48 INFO Created link: vmx1:eth1 (ge-0/0/0) ▪┄┄▪ sw01:eth1 (ge-0/0/0)
14:21:48 INFO Adding host entries path=/etc/hosts
14:21:48 INFO Adding SSH config for nodes path=/etc/ssh/ssh_config.d/clab-learning.conf
[1m╭[0m[1m────────────────────[0m[1m┬[0m[1m─────────────────────────────────────────[0m[1m┬[0m[1m────────────────────[0m[1m┬[0m[1m───────────────────[0m[1m╮[0m
[1m│[0m[1m        Name        [0m[1m│[0m[1m                Kind/Image               [0m[1m│[0m[1m        State       [0m[1m│[0m[1m   IPv4/6 Address  [0m[1m│[0m
[1m├[0m[1m────────────────────[0m[1m┼[0m[1m─────────────────────────────────────────[0m[1m┼[0m[1m────────────────────[0m[1m┼[0m[1m───────────────────[0m[1m┤[0m
│ clab-learning-pc1  │ linux                                   │ running            │ 172.20.20.7       │
│                    │ nicolaka/netshoot                       │                    │ 3fff:172:20:20::7 │
├────────────────────┼─────────────────────────────────────────┼────────────────────┼───────────────────┤
│ clab-learning-pc2  │ linux                                   │ running            │ 172.20.20.2       │
│                    │ nicolaka/netshoot                       │                    │ 3fff:172:20:20::2 │
├────────────────────┼─────────────────────────────────────────┼────────────────────┼───────────────────┤
│ clab-learning-pc3  │ linux                                   │ running            │ 172.20.20.5       │
│                    │ nicolaka/netshoot                       │                    │ 3fff:172:20:20::5 │
├────────────────────┼─────────────────────────────────────────┼────────────────────┼───────────────────┤
│ clab-learning-pc4  │ linux                                   │ running            │ 172.20.20.6       │
│                    │ nicolaka/netshoot                       │                    │ 3fff:172:20:20::6 │
├────────────────────┼─────────────────────────────────────────┼────────────────────┼───────────────────┤
│ clab-learning-pc5  │ linux                                   │ running            │ 172.20.20.3       │
│                    │ nicolaka/netshoot                       │                    │ 3fff:172:20:20::3 │
├────────────────────┼─────────────────────────────────────────┼────────────────────┼───────────────────┤
│ clab-learning-pc6  │ linux                                   │ running            │ 172.20.20.8       │
│                    │ nicolaka/netshoot                       │                    │ 3fff:172:20:20::8 │
├────────────────────┼─────────────────────────────────────────┼────────────────────┼───────────────────┤
│ clab-learning-sw01 │ juniper_vmx                             │ running            │ 172.20.20.9       │
│                    │ vrnetlab/juniper_vjunos-switch:24.4R1.9 │ (health: starting) │ 3fff:172:20:20::9 │
├────────────────────┼─────────────────────────────────────────┼────────────────────┼───────────────────┤
│ clab-learning-vmx1 │ juniper_vmx                             │ running            │ 172.20.20.4       │
│                    │ vrnetlab/juniper_vmx:22.2R3-S1.9        │ (health: starting) │ 3fff:172:20:20::4 │
╰────────────────────┴─────────────────────────────────────────┴────────────────────┴───────────────────╯
[0;32m[2025-05-18 14:21:46] Lab started successfully![0m
[0;32m[2025-05-18 14:31:38] Stopping lab...[0m
14:31:40 INFO Parsing & checking topology file=topology.clab.yaml
14:31:40 INFO Parsing & checking topology file=topology.clab.yaml
14:31:40 INFO Destroying lab name=learning
14:31:40 INFO Removed container name=clab-learning-pc1
14:31:40 INFO Removed container name=clab-learning-pc2
14:31:40 INFO Removed container name=clab-learning-pc6
14:31:40 INFO Removed container name=clab-learning-pc4
14:31:40 INFO Removed container name=clab-learning-pc3
14:31:40 INFO Removed container name=clab-learning-pc5
14:31:40 INFO Removed container name=clab-learning-vmx1
14:31:40 INFO Removed container name=clab-learning-sw01
14:31:40 INFO Removing host entries path=/etc/hosts
14:31:40 INFO Removing SSH config path=/etc/ssh/ssh_config.d/clab-learning.conf
[0;32m[2025-05-18 14:31:38] Lab stopped successfully![0m
[0;32m[2025-05-18 14:31:43] Starting lab...[0m
14:31:44 INFO Containerlab started version=0.68.0
14:31:44 INFO Parsing & checking topology file=topology.clab.yaml
14:31:44 INFO Creating docker network name=clab IPv4 subnet=172.20.20.0/24 IPv6 subnet=3fff:172:20:20::/64 MTU=1500
14:31:44 INFO Creating lab directory path=/tank/vrnetlab/vmx/lab3/clab-learning
14:31:44 INFO unable to adjust Labdir file ACLs: operation not supported
14:31:44 WARN ssh: no key found
14:31:44 INFO Creating container name=pc3
14:31:44 INFO Creating container name=sw01
14:31:44 INFO Creating container name=pc2
14:31:44 INFO Creating container name=pc6
14:31:44 INFO Creating container name=pc1
14:31:44 INFO Creating container name=vmx1
14:31:44 INFO Creating container name=pc5
14:31:44 INFO Creating container name=pc4
14:31:45 INFO Created link: pc1:eth1 ▪┄┄▪ sw01:eth2 (ge-0/0/1)
14:31:45 INFO Created link: pc2:eth1 ▪┄┄▪ sw01:eth3 (ge-0/0/2)
14:31:45 INFO Created link: pc3:eth1 ▪┄┄▪ sw01:eth4 (ge-0/0/3)
14:31:45 INFO Created link: pc4:eth1 ▪┄┄▪ sw01:eth5 (ge-0/0/4)
14:31:45 INFO Created link: pc5:eth1 ▪┄┄▪ sw01:eth6 (ge-0/0/5)
14:31:45 INFO Created link: pc6:eth1 ▪┄┄▪ sw01:eth7 (ge-0/0/6)
14:31:45 INFO Created link: vmx1:eth1 (ge-0/0/0) ▪┄┄▪ sw01:eth1 (ge-0/0/0)
14:31:45 INFO Adding host entries path=/etc/hosts
14:31:45 INFO Adding SSH config for nodes path=/etc/ssh/ssh_config.d/clab-learning.conf
[1m╭[0m[1m────────────────────[0m[1m┬[0m[1m─────────────────────────────────────────[0m[1m┬[0m[1m────────────────────[0m[1m┬[0m[1m───────────────────[0m[1m╮[0m
[1m│[0m[1m        Name        [0m[1m│[0m[1m                Kind/Image               [0m[1m│[0m[1m        State       [0m[1m│[0m[1m   IPv4/6 Address  [0m[1m│[0m
[1m├[0m[1m────────────────────[0m[1m┼[0m[1m─────────────────────────────────────────[0m[1m┼[0m[1m────────────────────[0m[1m┼[0m[1m───────────────────[0m[1m┤[0m
│ clab-learning-pc1  │ linux                                   │ running            │ 172.20.20.4       │
│                    │ nicolaka/netshoot                       │                    │ 3fff:172:20:20::4 │
├────────────────────┼─────────────────────────────────────────┼────────────────────┼───────────────────┤
│ clab-learning-pc2  │ linux                                   │ running            │ 172.20.20.6       │
│                    │ nicolaka/netshoot                       │                    │ 3fff:172:20:20::6 │
├────────────────────┼─────────────────────────────────────────┼────────────────────┼───────────────────┤
│ clab-learning-pc3  │ linux                                   │ running            │ 172.20.20.3       │
│                    │ nicolaka/netshoot                       │                    │ 3fff:172:20:20::3 │
├────────────────────┼─────────────────────────────────────────┼────────────────────┼───────────────────┤
│ clab-learning-pc4  │ linux                                   │ running            │ 172.20.20.2       │
│                    │ nicolaka/netshoot                       │                    │ 3fff:172:20:20::2 │
├────────────────────┼─────────────────────────────────────────┼────────────────────┼───────────────────┤
│ clab-learning-pc5  │ linux                                   │ running            │ 172.20.20.5       │
│                    │ nicolaka/netshoot                       │                    │ 3fff:172:20:20::5 │
├────────────────────┼─────────────────────────────────────────┼────────────────────┼───────────────────┤
│ clab-learning-pc6  │ linux                                   │ running            │ 172.20.20.8       │
│                    │ nicolaka/netshoot                       │                    │ 3fff:172:20:20::8 │
├────────────────────┼─────────────────────────────────────────┼────────────────────┼───────────────────┤
│ clab-learning-sw01 │ juniper_vmx                             │ running            │ 172.20.20.7       │
│                    │ vrnetlab/juniper_vjunos-switch:24.4R1.9 │ (health: starting) │ 3fff:172:20:20::7 │
├────────────────────┼─────────────────────────────────────────┼────────────────────┼───────────────────┤
│ clab-learning-vmx1 │ juniper_vmx                             │ running            │ 172.20.20.9       │
│                    │ vrnetlab/juniper_vmx:22.2R3-S1.9        │ (health: starting) │ 3fff:172:20:20::9 │
╰────────────────────┴─────────────────────────────────────────┴────────────────────┴───────────────────╯
[0;32m[2025-05-18 14:31:43] Lab started successfully![0m
[0;32m[2025-05-18 14:40:31] Stopping lab...[0m
14:40:32 INFO Parsing & checking topology file=topology.clab.yaml
14:40:32 INFO Parsing & checking topology file=topology.clab.yaml
14:40:32 INFO Destroying lab name=learning
14:40:32 INFO Removed container name=clab-learning-pc4
14:40:32 INFO Removed container name=clab-learning-pc1
14:40:33 INFO Removed container name=clab-learning-pc5
14:40:33 INFO Removed container name=clab-learning-pc6
14:40:33 INFO Removed container name=clab-learning-pc2
14:40:33 INFO Removed container name=clab-learning-pc3
14:40:33 INFO Removed container name=clab-learning-vmx1
14:40:33 INFO Removed container name=clab-learning-sw01
14:40:33 INFO Removing host entries path=/etc/hosts
14:40:33 INFO Removing SSH config path=/etc/ssh/ssh_config.d/clab-learning.conf
[0;32m[2025-05-18 14:40:31] Lab stopped successfully![0m
